[2025-10-10 00:23:56.659] [INFO] Starting Terraform Runner with args: config list
[2025-10-10 00:23:56.703] [ERROR] Terraform is not installed
[2025-10-10 08:09:11.100] [INFO] Starting Terraform Runner with args: config list
[2025-10-10 08:09:11.131] [INFO] Executing command: config with args: list
[2025-10-10 08:09:11.131] [INFO] Executing config command with args: list
[2025-10-10 08:09:11.137] [INFO] Command config finished with exit code: 0
[2025-10-10 08:09:30.933] [INFO] Starting Terraform Runner with args: config disable lxc_nginx
[2025-10-10 08:09:30.961] [INFO] Executing command: config with args: disable lxc_nginx
[2025-10-10 08:09:30.961] [INFO] Executing config command with args: disable lxc_nginx
[2025-10-10 08:09:30.972] [INFO] Host lxc_nginx disabled
[2025-10-10 08:09:30.979] [INFO] Updated Terraform vars file: /Users/ogawaatsuki/project/infra/terraform/hosts.auto.tfvars
[2025-10-10 08:09:30.980] [INFO] Command config finished with exit code: 0
[2025-10-10 08:10:12.381] [INFO] Starting Terraform Runner with args: config enable lxc_nginx
[2025-10-10 08:10:12.409] [INFO] Executing command: config with args: enable lxc_nginx
[2025-10-10 08:10:12.409] [INFO] Executing config command with args: enable lxc_nginx
[2025-10-10 08:10:12.424] [INFO] Host lxc_nginx enabled
[2025-10-10 08:10:12.426] [INFO] Updated Terraform vars file: /Users/ogawaatsuki/project/infra/terraform/hosts.auto.tfvars
[2025-10-10 08:10:12.427] [INFO] Command config finished with exit code: 0
[2025-10-10 08:10:57.415] [INFO] Starting Terraform Runner with args: config list
[2025-10-10 08:10:57.450] [INFO] Executing command: config with args: list
[2025-10-10 08:10:57.451] [INFO] Executing config command with args: list
[2025-10-10 08:10:57.467] [INFO] Command config finished with exit code: 0
[2025-10-10 08:11:33.094] [INFO] Starting Terraform Runner with args: help
[2025-10-10 08:11:33.125] [INFO] Executing command: help with args: 
[2025-10-10 08:11:33.130] [INFO] Command help finished with exit code: 0
[2025-10-10 08:14:03.793] [INFO] Starting Terraform Runner with args: config list
[2025-10-10 08:14:03.822] [INFO] Executing command: config with args: list
[2025-10-10 08:14:03.823] [INFO] Executing config command with args: list
[2025-10-10 08:14:03.826] [INFO] Command config finished with exit code: 0
[2025-10-10 08:14:15.666] [INFO] Starting Terraform Runner with args: config disable k8s4
[2025-10-10 08:14:15.695] [INFO] Executing command: config with args: disable k8s4
[2025-10-10 08:14:15.695] [INFO] Executing config command with args: disable k8s4
[2025-10-10 08:14:15.707] [INFO] Host k8s4 disabled
[2025-10-10 08:14:15.713] [INFO] Updated Terraform vars file: /Users/ogawaatsuki/project/infra/terraform/hosts.auto.tfvars
[2025-10-10 08:14:15.714] [INFO] Command config finished with exit code: 0
[2025-10-10 08:14:35.361] [INFO] Starting Terraform Runner with args: config enable k8s4
[2025-10-10 08:14:35.400] [INFO] Executing command: config with args: enable k8s4
[2025-10-10 08:14:35.400] [INFO] Executing config command with args: enable k8s4
[2025-10-10 08:14:35.428] [INFO] Host k8s4 enabled
[2025-10-10 08:14:35.431] [INFO] Updated Terraform vars file: /Users/ogawaatsuki/project/infra/terraform/hosts.auto.tfvars
[2025-10-10 08:14:35.431] [INFO] Command config finished with exit code: 0
[2025-10-10 08:14:42.704] [INFO] Starting Terraform Runner with args: config list
[2025-10-10 08:14:42.733] [INFO] Executing command: config with args: list
[2025-10-10 08:14:42.733] [INFO] Executing config command with args: list
[2025-10-10 08:14:42.749] [INFO] Command config finished with exit code: 0
